# project vmops (1.9.10) configured on Mon May  3 13:32:54 2010 by
# waf 1.5.15 (abi 7, python 20605f0 on linux2)
# using ./waf
#

----------------------------------------
Check for program javac
  find program=['javac'] paths=['/usr/lib/jvm/default-java/bin', '/usr/local/sbin', '/usr/local/bin', '/usr/sbin', '/usr/bin', '/sbin', '/bin', '/usr/games', '/usr/lib/jvm/default-java/bin', '/usr/lib/jvm/default-java/bin', '/home/tryggvil/ec2/ec2-api-tools/bin', '/home/tryggvil/ec2/ec2-ami-tools/bin'] var='JAVAC'
  -> '/usr/lib/jvm/default-java/bin/javac'

----------------------------------------
Check for program java
  find program=['java'] paths=['/usr/lib/jvm/default-java/bin', '/usr/local/sbin', '/usr/local/bin', '/usr/sbin', '/usr/bin', '/sbin', '/bin', '/usr/games', '/usr/lib/jvm/default-java/bin', '/usr/lib/jvm/default-java/bin', '/home/tryggvil/ec2/ec2-api-tools/bin', '/home/tryggvil/ec2/ec2-ami-tools/bin'] var='JAVA'
  -> '/usr/lib/jvm/default-java/bin/java'

----------------------------------------
Check for program jar
  find program=['jar'] paths=['/usr/lib/jvm/default-java/bin', '/usr/local/sbin', '/usr/local/bin', '/usr/sbin', '/usr/bin', '/sbin', '/bin', '/usr/games', '/usr/lib/jvm/default-java/bin', '/usr/lib/jvm/default-java/bin', '/home/tryggvil/ec2/ec2-api-tools/bin', '/home/tryggvil/ec2/ec2-ami-tools/bin'] var='JAR'
  -> '/usr/lib/jvm/default-java/bin/jar'

----------------------------------------
Check for program python
  find program=['python'] paths=[] var='PYTHON'
  -> '/usr/bin/python'

----------------------------------------
Checking for Python version >= 2.4.0
ok 2.6.5

----------------------------------------
Detecting distribution
Ubuntu

----------------------------------------
Check for program gcc or cc
  find program=['gcc', 'cc'] paths=[] var='CC'
  -> '/usr/bin/gcc'

----------------------------------------
Check for program cpp
  find program=['cpp'] paths=[] var='CPP'
  -> '/usr/bin/cpp'

----------------------------------------
Check for program ar
  find program=['ar'] paths=[] var='AR'
  -> '/usr/bin/ar'

----------------------------------------
Check for program ranlib
  find program=['ranlib'] paths=[] var='RANLIB'
  -> '/usr/bin/ranlib'

----------------------------------------
Checking for gcc 
ok 

----------------------------------------
Checking for library pthread
==>

int main() {
	return 0;
}

<==
[1/2] [32mcc: artifacts/.conf_check_0/test.c -> artifacts/.conf_check_0/testbuild/default/test_1.o
[0m['/usr/bin/gcc', '../test.c', '-c', '-o', 'default/test_1.o']
[2/2] [33mcc_link: artifacts/.conf_check_0/testbuild/default/test_1.o -> artifacts/.conf_check_0/testbuild/default/testprog
[0m['/usr/bin/gcc', 'default/test_1.o', '-o', '/home/tryggvil/Desktop/vmops-1.9.10/artifacts/.conf_check_0/testbuild/default/testprog', '-Wl,-Bdynamic', '-lpthread']
ok

----------------------------------------
Checking for library dl
==>

int main() {
	return 0;
}

<==
[1/2] [32mcc: artifacts/.conf_check_0/test.c -> artifacts/.conf_check_0/testbuild/default/test_1.o
[0m['/usr/bin/gcc', '../test.c', '-c', '-o', 'default/test_1.o']
[2/2] [33mcc_link: artifacts/.conf_check_0/testbuild/default/test_1.o -> artifacts/.conf_check_0/testbuild/default/testprog
[0m['/usr/bin/gcc', 'default/test_1.o', '-o', '/home/tryggvil/Desktop/vmops-1.9.10/artifacts/.conf_check_0/testbuild/default/testprog', '-Wl,-Bdynamic', '-ldl']
ok

----------------------------------------
Determining management server user name
vmops (Linux default)

----------------------------------------
Detecting Tomcat
/usr/share/tomcat6 (detected existence of system directory)

----------------------------------------
Detecting JAVADIR
/usr/local/share/java (using default ${DATADIR}/java directory)

----------------------------------------
Building classpaths
Done
['/usr/lib/jvm/default-java/bin/java', '-cp', '.waf-javatest:/home/tryggvil/Desktop/vmops-1.9.10/artifacts/default/console/src:/home/tryggvil/Desktop/vmops-1.9.10/artifacts/default/server/src:/home/tryggvil/Desktop/vmops-1.9.10/artifacts/default/installer/src:/home/tryggvil/Desktop/vmops-1.9.10/artifacts/default/client-api/src:/home/tryggvil/Desktop/vmops-1.9.10/artifacts/default/agent-simulator/src:/home/tryggvil/Desktop/vmops-1.9.10/artifacts/default/core/src:/home/tryggvil/Desktop/vmops-1.9.10/artifacts/default/vnet/src:/home/tryggvil/Desktop/vmops-1.9.10/artifacts/default/utils/src:/home/tryggvil/Desktop/vmops-1.9.10/artifacts/default/test/src:/home/tryggvil/Desktop/vmops-1.9.10/artifacts/default/agent/src:/home/tryggvil/Desktop/vmops-1.9.10/artifacts/default/console-proxy/src:/home/tryggvil/Desktop/vmops-1.9.10/deps/vmops-trilead-ssh2-build213.jar:/home/tryggvil/Desktop/vmops-1.9.10/deps/vmops-cglib.jar:/home/tryggvil/Desktop/vmops-1.9.10/deps/vmops-log4j.jar:/home/tryggvil/Desktop/vmops-1.9.10/deps/vmops-jna.jar:/home/tryggvil/Desktop/vmops-1.9.10/deps/vmops-httpcore-4.0.jar:/home/tryggvil/Desktop/vmops-1.9.10/deps/vmops-junit-4.8.1.jar:/home/tryggvil/Desktop/vmops-1.9.10/deps/vmops-ehcache.jar:/home/tryggvil/Desktop/vmops-1.9.10/deps/vmops-backport-util-concurrent-3.0.jar:/home/tryggvil/Desktop/vmops-1.9.10/deps/vmops-commons-codec-1.4.jar:/home/tryggvil/Desktop/vmops-1.9.10/deps/vmops-mysql-connector-java-5.1.7-bin.jar:/home/tryggvil/Desktop/vmops-1.9.10/deps/vmops-xmlrpc-client-3.1.3.jar:/home/tryggvil/Desktop/vmops-1.9.10/deps/vmops-apache-log4j-extras-1.0.jar:/home/tryggvil/Desktop/vmops-1.9.10/deps/vmops-email.jar:/home/tryggvil/Desktop/vmops-1.9.10/deps/vmops-xenserver-5.5.0-1.jar:/home/tryggvil/Desktop/vmops-1.9.10/deps/vmops-libvirt-0.4.0.jar:/home/tryggvil/Desktop/vmops-1.9.10/deps/vmops-xmlrpc-common-3.1.3.jar:/home/tryggvil/Desktop/vmops-1.9.10/deps/vmops-gson-1.3.jar:/usr/share/java/commons-collections.jar:/usr/share/java/commons-daemon.jar:/usr/share/java/commons-dbcp.jar:/usr/share/java/commons-logging.jar:/usr/share/java/commons-logging-api.jar:/usr/share/java/commons-pool.jar:/usr/share/java/commons-httpclient.jar:/usr/share/java/ws-commons-util.jar:/usr/share/java/servlet-api-2.5.jar:/usr/share/tomcat6/bin/tomcat-juli.jar:/usr/share/tomcat6/bin/bootstrap.jar:/usr/share/tomcat6/lib/catalina-ha.jar:/usr/share/tomcat6/lib/commons-dbcp.jar:/usr/share/tomcat6/lib/tomcat-coyote.jar:/usr/share/tomcat6/lib/catalina-tribes.jar:/usr/share/tomcat6/lib/catalina-ant.jar:/usr/share/tomcat6/lib/commons-pool.jar:/usr/share/tomcat6/lib/tomcat-i18n-es.jar:/usr/share/tomcat6/lib/catalina.jar:/usr/share/tomcat6/lib/jsp-api.jar:/usr/share/tomcat6/lib/tomcat-i18n-ja.jar:/usr/share/tomcat6/lib/el-api.jar:/usr/share/tomcat6/lib/jasper-jdt.jar:/usr/share/tomcat6/lib/jasper.jar:/usr/share/tomcat6/lib/annotations-api.jar:/usr/share/tomcat6/lib/servlet-api.jar:/usr/share/tomcat6/lib/tomcat-i18n-fr.jar:/usr/share/tomcat6/lib/jasper-el.jar:/home/tryggvil/Desktop/vmops-1.9.10/artifacts/default/console/src:/home/tryggvil/Desktop/vmops-1.9.10/artifacts/default/server/src:/home/tryggvil/Desktop/vmops-1.9.10/artifacts/default/installer/src:/home/tryggvil/Desktop/vmops-1.9.10/artifacts/default/client-api/src:/home/tryggvil/Desktop/vmops-1.9.10/artifacts/default/agent-simulator/src:/home/tryggvil/Desktop/vmops-1.9.10/artifacts/default/core/src:/home/tryggvil/Desktop/vmops-1.9.10/artifacts/default/vnet/src:/home/tryggvil/Desktop/vmops-1.9.10/artifacts/default/utils/src:/home/tryggvil/Desktop/vmops-1.9.10/artifacts/default/test/src:/home/tryggvil/Desktop/vmops-1.9.10/artifacts/default/agent/src:/home/tryggvil/Desktop/vmops-1.9.10/artifacts/default/console-proxy/src:/home/tryggvil/Desktop/vmops-1.9.10/deps/vmops-trilead-ssh2-build213.jar:/home/tryggvil/Desktop/vmops-1.9.10/deps/vmops-cglib.jar:/home/tryggvil/Desktop/vmops-1.9.10/deps/vmops-log4j.jar:/home/tryggvil/Desktop/vmops-1.9.10/deps/vmops-jna.jar:/home/tryggvil/Desktop/vmops-1.9.10/deps/vmops-httpcore-4.0.jar:/home/tryggvil/Desktop/vmops-1.9.10/deps/vmops-junit-4.8.1.jar:/home/tryggvil/Desktop/vmops-1.9.10/deps/vmops-ehcache.jar:/home/tryggvil/Desktop/vmops-1.9.10/deps/vmops-backport-util-concurrent-3.0.jar:/home/tryggvil/Desktop/vmops-1.9.10/deps/vmops-commons-codec-1.4.jar:/home/tryggvil/Desktop/vmops-1.9.10/deps/vmops-mysql-connector-java-5.1.7-bin.jar:/home/tryggvil/Desktop/vmops-1.9.10/deps/vmops-xmlrpc-client-3.1.3.jar:/home/tryggvil/Desktop/vmops-1.9.10/deps/vmops-apache-log4j-extras-1.0.jar:/home/tryggvil/Desktop/vmops-1.9.10/deps/vmops-email.jar:/home/tryggvil/Desktop/vmops-1.9.10/deps/vmops-xenserver-5.5.0-1.jar:/home/tryggvil/Desktop/vmops-1.9.10/deps/vmops-libvirt-0.4.0.jar:/home/tryggvil/Desktop/vmops-1.9.10/deps/vmops-xmlrpc-common-3.1.3.jar:/home/tryggvil/Desktop/vmops-1.9.10/deps/vmops-gson-1.3.jar:/usr/share/java/commons-collections.jar:/usr/share/java/commons-daemon.jar:/usr/share/java/commons-dbcp.jar:/usr/share/java/commons-logging.jar:/usr/share/java/commons-logging-api.jar:/usr/share/java/commons-pool.jar:/usr/share/java/commons-httpclient.jar:/usr/share/java/ws-commons-util.jar:/usr/share/java/servlet-api-2.5.jar:/usr/share/tomcat6/bin/tomcat-juli.jar:/usr/share/tomcat6/bin/bootstrap.jar:/usr/share/tomcat6/lib/catalina-ha.jar:/usr/share/tomcat6/lib/commons-dbcp.jar:/usr/share/tomcat6/lib/tomcat-coyote.jar:/usr/share/tomcat6/lib/catalina-tribes.jar:/usr/share/tomcat6/lib/catalina-ant.jar:/usr/share/tomcat6/lib/commons-pool.jar:/usr/share/tomcat6/lib/tomcat-i18n-es.jar:/usr/share/tomcat6/lib/catalina.jar:/usr/share/tomcat6/lib/jsp-api.jar:/usr/share/tomcat6/lib/tomcat-i18n-ja.jar:/usr/share/tomcat6/lib/el-api.jar:/usr/share/tomcat6/lib/jasper-jdt.jar:/usr/share/tomcat6/lib/jasper.jar:/usr/share/tomcat6/lib/annotations-api.jar:/usr/share/tomcat6/lib/servlet-api.jar:/usr/share/tomcat6/lib/tomcat-i18n-fr.jar:/usr/share/tomcat6/lib/jasper-el.jar', 'Test', 'java.io.FileOutputStream']

-------------------------------------------------
Checking for Java class java.io.FileOutputStream 
ok 
['/usr/lib/jvm/default-java/bin/java', '-cp', '.waf-javatest:/home/tryggvil/Desktop/vmops-1.9.10/artifacts/default/console/src:/home/tryggvil/Desktop/vmops-1.9.10/artifacts/default/server/src:/home/tryggvil/Desktop/vmops-1.9.10/artifacts/default/installer/src:/home/tryggvil/Desktop/vmops-1.9.10/artifacts/default/client-api/src:/home/tryggvil/Desktop/vmops-1.9.10/artifacts/default/agent-simulator/src:/home/tryggvil/Desktop/vmops-1.9.10/artifacts/default/core/src:/home/tryggvil/Desktop/vmops-1.9.10/artifacts/default/vnet/src:/home/tryggvil/Desktop/vmops-1.9.10/artifacts/default/utils/src:/home/tryggvil/Desktop/vmops-1.9.10/artifacts/default/test/src:/home/tryggvil/Desktop/vmops-1.9.10/artifacts/default/agent/src:/home/tryggvil/Desktop/vmops-1.9.10/artifacts/default/console-proxy/src:/home/tryggvil/Desktop/vmops-1.9.10/deps/vmops-trilead-ssh2-build213.jar:/home/tryggvil/Desktop/vmops-1.9.10/deps/vmops-cglib.jar:/home/tryggvil/Desktop/vmops-1.9.10/deps/vmops-log4j.jar:/home/tryggvil/Desktop/vmops-1.9.10/deps/vmops-jna.jar:/home/tryggvil/Desktop/vmops-1.9.10/deps/vmops-httpcore-4.0.jar:/home/tryggvil/Desktop/vmops-1.9.10/deps/vmops-junit-4.8.1.jar:/home/tryggvil/Desktop/vmops-1.9.10/deps/vmops-ehcache.jar:/home/tryggvil/Desktop/vmops-1.9.10/deps/vmops-backport-util-concurrent-3.0.jar:/home/tryggvil/Desktop/vmops-1.9.10/deps/vmops-commons-codec-1.4.jar:/home/tryggvil/Desktop/vmops-1.9.10/deps/vmops-mysql-connector-java-5.1.7-bin.jar:/home/tryggvil/Desktop/vmops-1.9.10/deps/vmops-xmlrpc-client-3.1.3.jar:/home/tryggvil/Desktop/vmops-1.9.10/deps/vmops-apache-log4j-extras-1.0.jar:/home/tryggvil/Desktop/vmops-1.9.10/deps/vmops-email.jar:/home/tryggvil/Desktop/vmops-1.9.10/deps/vmops-xenserver-5.5.0-1.jar:/home/tryggvil/Desktop/vmops-1.9.10/deps/vmops-libvirt-0.4.0.jar:/home/tryggvil/Desktop/vmops-1.9.10/deps/vmops-xmlrpc-common-3.1.3.jar:/home/tryggvil/Desktop/vmops-1.9.10/deps/vmops-gson-1.3.jar:/usr/share/java/commons-collections.jar:/usr/share/java/commons-daemon.jar:/usr/share/java/commons-dbcp.jar:/usr/share/java/commons-logging.jar:/usr/share/java/commons-logging-api.jar:/usr/share/java/commons-pool.jar:/usr/share/java/commons-httpclient.jar:/usr/share/java/ws-commons-util.jar:/usr/share/java/servlet-api-2.5.jar:/usr/share/tomcat6/bin/tomcat-juli.jar:/usr/share/tomcat6/bin/bootstrap.jar:/usr/share/tomcat6/lib/catalina-ha.jar:/usr/share/tomcat6/lib/commons-dbcp.jar:/usr/share/tomcat6/lib/tomcat-coyote.jar:/usr/share/tomcat6/lib/catalina-tribes.jar:/usr/share/tomcat6/lib/catalina-ant.jar:/usr/share/tomcat6/lib/commons-pool.jar:/usr/share/tomcat6/lib/tomcat-i18n-es.jar:/usr/share/tomcat6/lib/catalina.jar:/usr/share/tomcat6/lib/jsp-api.jar:/usr/share/tomcat6/lib/tomcat-i18n-ja.jar:/usr/share/tomcat6/lib/el-api.jar:/usr/share/tomcat6/lib/jasper-jdt.jar:/usr/share/tomcat6/lib/jasper.jar:/usr/share/tomcat6/lib/annotations-api.jar:/usr/share/tomcat6/lib/servlet-api.jar:/usr/share/tomcat6/lib/tomcat-i18n-fr.jar:/usr/share/tomcat6/lib/jasper-el.jar:/home/tryggvil/Desktop/vmops-1.9.10/artifacts/default/console/src:/home/tryggvil/Desktop/vmops-1.9.10/artifacts/default/server/src:/home/tryggvil/Desktop/vmops-1.9.10/artifacts/default/installer/src:/home/tryggvil/Desktop/vmops-1.9.10/artifacts/default/client-api/src:/home/tryggvil/Desktop/vmops-1.9.10/artifacts/default/agent-simulator/src:/home/tryggvil/Desktop/vmops-1.9.10/artifacts/default/core/src:/home/tryggvil/Desktop/vmops-1.9.10/artifacts/default/vnet/src:/home/tryggvil/Desktop/vmops-1.9.10/artifacts/default/utils/src:/home/tryggvil/Desktop/vmops-1.9.10/artifacts/default/test/src:/home/tryggvil/Desktop/vmops-1.9.10/artifacts/default/agent/src:/home/tryggvil/Desktop/vmops-1.9.10/artifacts/default/console-proxy/src:/home/tryggvil/Desktop/vmops-1.9.10/deps/vmops-trilead-ssh2-build213.jar:/home/tryggvil/Desktop/vmops-1.9.10/deps/vmops-cglib.jar:/home/tryggvil/Desktop/vmops-1.9.10/deps/vmops-log4j.jar:/home/tryggvil/Desktop/vmops-1.9.10/deps/vmops-jna.jar:/home/tryggvil/Desktop/vmops-1.9.10/deps/vmops-httpcore-4.0.jar:/home/tryggvil/Desktop/vmops-1.9.10/deps/vmops-junit-4.8.1.jar:/home/tryggvil/Desktop/vmops-1.9.10/deps/vmops-ehcache.jar:/home/tryggvil/Desktop/vmops-1.9.10/deps/vmops-backport-util-concurrent-3.0.jar:/home/tryggvil/Desktop/vmops-1.9.10/deps/vmops-commons-codec-1.4.jar:/home/tryggvil/Desktop/vmops-1.9.10/deps/vmops-mysql-connector-java-5.1.7-bin.jar:/home/tryggvil/Desktop/vmops-1.9.10/deps/vmops-xmlrpc-client-3.1.3.jar:/home/tryggvil/Desktop/vmops-1.9.10/deps/vmops-apache-log4j-extras-1.0.jar:/home/tryggvil/Desktop/vmops-1.9.10/deps/vmops-email.jar:/home/tryggvil/Desktop/vmops-1.9.10/deps/vmops-xenserver-5.5.0-1.jar:/home/tryggvil/Desktop/vmops-1.9.10/deps/vmops-libvirt-0.4.0.jar:/home/tryggvil/Desktop/vmops-1.9.10/deps/vmops-xmlrpc-common-3.1.3.jar:/home/tryggvil/Desktop/vmops-1.9.10/deps/vmops-gson-1.3.jar:/usr/share/java/commons-collections.jar:/usr/share/java/commons-daemon.jar:/usr/share/java/commons-dbcp.jar:/usr/share/java/commons-logging.jar:/usr/share/java/commons-logging-api.jar:/usr/share/java/commons-pool.jar:/usr/share/java/commons-httpclient.jar:/usr/share/java/ws-commons-util.jar:/usr/share/java/servlet-api-2.5.jar:/usr/share/tomcat6/bin/tomcat-juli.jar:/usr/share/tomcat6/bin/bootstrap.jar:/usr/share/tomcat6/lib/catalina-ha.jar:/usr/share/tomcat6/lib/commons-dbcp.jar:/usr/share/tomcat6/lib/tomcat-coyote.jar:/usr/share/tomcat6/lib/catalina-tribes.jar:/usr/share/tomcat6/lib/catalina-ant.jar:/usr/share/tomcat6/lib/commons-pool.jar:/usr/share/tomcat6/lib/tomcat-i18n-es.jar:/usr/share/tomcat6/lib/catalina.jar:/usr/share/tomcat6/lib/jsp-api.jar:/usr/share/tomcat6/lib/tomcat-i18n-ja.jar:/usr/share/tomcat6/lib/el-api.jar:/usr/share/tomcat6/lib/jasper-jdt.jar:/usr/share/tomcat6/lib/jasper.jar:/usr/share/tomcat6/lib/annotations-api.jar:/usr/share/tomcat6/lib/servlet-api.jar:/usr/share/tomcat6/lib/tomcat-i18n-fr.jar:/usr/share/tomcat6/lib/jasper-el.jar', 'Test', 'javax.servlet.http.Cookie']

--------------------------------------------------
Checking for Java class javax.servlet.http.Cookie 
ok 
['/usr/lib/jvm/default-java/bin/java', '-cp', '.waf-javatest:/home/tryggvil/Desktop/vmops-1.9.10/artifacts/default/console/src:/home/tryggvil/Desktop/vmops-1.9.10/artifacts/default/server/src:/home/tryggvil/Desktop/vmops-1.9.10/artifacts/default/installer/src:/home/tryggvil/Desktop/vmops-1.9.10/artifacts/default/client-api/src:/home/tryggvil/Desktop/vmops-1.9.10/artifacts/default/agent-simulator/src:/home/tryggvil/Desktop/vmops-1.9.10/artifacts/default/core/src:/home/tryggvil/Desktop/vmops-1.9.10/artifacts/default/vnet/src:/home/tryggvil/Desktop/vmops-1.9.10/artifacts/default/utils/src:/home/tryggvil/Desktop/vmops-1.9.10/artifacts/default/test/src:/home/tryggvil/Desktop/vmops-1.9.10/artifacts/default/agent/src:/home/tryggvil/Desktop/vmops-1.9.10/artifacts/default/console-proxy/src:/home/tryggvil/Desktop/vmops-1.9.10/deps/vmops-trilead-ssh2-build213.jar:/home/tryggvil/Desktop/vmops-1.9.10/deps/vmops-cglib.jar:/home/tryggvil/Desktop/vmops-1.9.10/deps/vmops-log4j.jar:/home/tryggvil/Desktop/vmops-1.9.10/deps/vmops-jna.jar:/home/tryggvil/Desktop/vmops-1.9.10/deps/vmops-httpcore-4.0.jar:/home/tryggvil/Desktop/vmops-1.9.10/deps/vmops-junit-4.8.1.jar:/home/tryggvil/Desktop/vmops-1.9.10/deps/vmops-ehcache.jar:/home/tryggvil/Desktop/vmops-1.9.10/deps/vmops-backport-util-concurrent-3.0.jar:/home/tryggvil/Desktop/vmops-1.9.10/deps/vmops-commons-codec-1.4.jar:/home/tryggvil/Desktop/vmops-1.9.10/deps/vmops-mysql-connector-java-5.1.7-bin.jar:/home/tryggvil/Desktop/vmops-1.9.10/deps/vmops-xmlrpc-client-3.1.3.jar:/home/tryggvil/Desktop/vmops-1.9.10/deps/vmops-apache-log4j-extras-1.0.jar:/home/tryggvil/Desktop/vmops-1.9.10/deps/vmops-email.jar:/home/tryggvil/Desktop/vmops-1.9.10/deps/vmops-xenserver-5.5.0-1.jar:/home/tryggvil/Desktop/vmops-1.9.10/deps/vmops-libvirt-0.4.0.jar:/home/tryggvil/Desktop/vmops-1.9.10/deps/vmops-xmlrpc-common-3.1.3.jar:/home/tryggvil/Desktop/vmops-1.9.10/deps/vmops-gson-1.3.jar:/usr/share/java/commons-collections.jar:/usr/share/java/commons-daemon.jar:/usr/share/java/commons-dbcp.jar:/usr/share/java/commons-logging.jar:/usr/share/java/commons-logging-api.jar:/usr/share/java/commons-pool.jar:/usr/share/java/commons-httpclient.jar:/usr/share/java/ws-commons-util.jar:/usr/share/java/servlet-api-2.5.jar:/usr/share/tomcat6/bin/tomcat-juli.jar:/usr/share/tomcat6/bin/bootstrap.jar:/usr/share/tomcat6/lib/catalina-ha.jar:/usr/share/tomcat6/lib/commons-dbcp.jar:/usr/share/tomcat6/lib/tomcat-coyote.jar:/usr/share/tomcat6/lib/catalina-tribes.jar:/usr/share/tomcat6/lib/catalina-ant.jar:/usr/share/tomcat6/lib/commons-pool.jar:/usr/share/tomcat6/lib/tomcat-i18n-es.jar:/usr/share/tomcat6/lib/catalina.jar:/usr/share/tomcat6/lib/jsp-api.jar:/usr/share/tomcat6/lib/tomcat-i18n-ja.jar:/usr/share/tomcat6/lib/el-api.jar:/usr/share/tomcat6/lib/jasper-jdt.jar:/usr/share/tomcat6/lib/jasper.jar:/usr/share/tomcat6/lib/annotations-api.jar:/usr/share/tomcat6/lib/servlet-api.jar:/usr/share/tomcat6/lib/tomcat-i18n-fr.jar:/usr/share/tomcat6/lib/jasper-el.jar:/home/tryggvil/Desktop/vmops-1.9.10/artifacts/default/console/src:/home/tryggvil/Desktop/vmops-1.9.10/artifacts/default/server/src:/home/tryggvil/Desktop/vmops-1.9.10/artifacts/default/installer/src:/home/tryggvil/Desktop/vmops-1.9.10/artifacts/default/client-api/src:/home/tryggvil/Desktop/vmops-1.9.10/artifacts/default/agent-simulator/src:/home/tryggvil/Desktop/vmops-1.9.10/artifacts/default/core/src:/home/tryggvil/Desktop/vmops-1.9.10/artifacts/default/vnet/src:/home/tryggvil/Desktop/vmops-1.9.10/artifacts/default/utils/src:/home/tryggvil/Desktop/vmops-1.9.10/artifacts/default/test/src:/home/tryggvil/Desktop/vmops-1.9.10/artifacts/default/agent/src:/home/tryggvil/Desktop/vmops-1.9.10/artifacts/default/console-proxy/src:/home/tryggvil/Desktop/vmops-1.9.10/deps/vmops-trilead-ssh2-build213.jar:/home/tryggvil/Desktop/vmops-1.9.10/deps/vmops-cglib.jar:/home/tryggvil/Desktop/vmops-1.9.10/deps/vmops-log4j.jar:/home/tryggvil/Desktop/vmops-1.9.10/deps/vmops-jna.jar:/home/tryggvil/Desktop/vmops-1.9.10/deps/vmops-httpcore-4.0.jar:/home/tryggvil/Desktop/vmops-1.9.10/deps/vmops-junit-4.8.1.jar:/home/tryggvil/Desktop/vmops-1.9.10/deps/vmops-ehcache.jar:/home/tryggvil/Desktop/vmops-1.9.10/deps/vmops-backport-util-concurrent-3.0.jar:/home/tryggvil/Desktop/vmops-1.9.10/deps/vmops-commons-codec-1.4.jar:/home/tryggvil/Desktop/vmops-1.9.10/deps/vmops-mysql-connector-java-5.1.7-bin.jar:/home/tryggvil/Desktop/vmops-1.9.10/deps/vmops-xmlrpc-client-3.1.3.jar:/home/tryggvil/Desktop/vmops-1.9.10/deps/vmops-apache-log4j-extras-1.0.jar:/home/tryggvil/Desktop/vmops-1.9.10/deps/vmops-email.jar:/home/tryggvil/Desktop/vmops-1.9.10/deps/vmops-xenserver-5.5.0-1.jar:/home/tryggvil/Desktop/vmops-1.9.10/deps/vmops-libvirt-0.4.0.jar:/home/tryggvil/Desktop/vmops-1.9.10/deps/vmops-xmlrpc-common-3.1.3.jar:/home/tryggvil/Desktop/vmops-1.9.10/deps/vmops-gson-1.3.jar:/usr/share/java/commons-collections.jar:/usr/share/java/commons-daemon.jar:/usr/share/java/commons-dbcp.jar:/usr/share/java/commons-logging.jar:/usr/share/java/commons-logging-api.jar:/usr/share/java/commons-pool.jar:/usr/share/java/commons-httpclient.jar:/usr/share/java/ws-commons-util.jar:/usr/share/java/servlet-api-2.5.jar:/usr/share/tomcat6/bin/tomcat-juli.jar:/usr/share/tomcat6/bin/bootstrap.jar:/usr/share/tomcat6/lib/catalina-ha.jar:/usr/share/tomcat6/lib/commons-dbcp.jar:/usr/share/tomcat6/lib/tomcat-coyote.jar:/usr/share/tomcat6/lib/catalina-tribes.jar:/usr/share/tomcat6/lib/catalina-ant.jar:/usr/share/tomcat6/lib/commons-pool.jar:/usr/share/tomcat6/lib/tomcat-i18n-es.jar:/usr/share/tomcat6/lib/catalina.jar:/usr/share/tomcat6/lib/jsp-api.jar:/usr/share/tomcat6/lib/tomcat-i18n-ja.jar:/usr/share/tomcat6/lib/el-api.jar:/usr/share/tomcat6/lib/jasper-jdt.jar:/usr/share/tomcat6/lib/jasper.jar:/usr/share/tomcat6/lib/annotations-api.jar:/usr/share/tomcat6/lib/servlet-api.jar:/usr/share/tomcat6/lib/tomcat-i18n-fr.jar:/usr/share/tomcat6/lib/jasper-el.jar', 'Test', 'org.apache.naming.resources.Constants']

--------------------------------------------------------------
Checking for Java class org.apache.naming.resources.Constants 
ok 
